<?xml version="1.0" encoding="UTF-8"?>
<testng-results skipped="0" failed="2" ignored="0" total="8" passed="6">
  <reporter-output>
  </reporter-output>
  <suite name="ApıTest.OpenAPITest" duration-ms="17364" started-at="2021-01-29T02:31:04 EET" finished-at="2021-01-29T02:31:21 EET">
    <groups>
    </groups>
    <test name="Command line test" duration-ms="17364" started-at="2021-01-29T02:31:04 EET" finished-at="2021-01-29T02:31:21 EET">
      <class name="ApıTest.OpenAPITest">
        <test-method status="PASS" signature="beforeclass()[pri:0, instance:ApıTest.OpenAPITest@5383967b]" name="beforeclass" is-config="true" duration-ms="703" started-at="2021-01-29T02:31:04 EET" finished-at="2021-01-29T02:31:05 EET">
          <reporter-output>
          </reporter-output>
        </test-method> <!-- beforeclass -->
        <test-method status="FAIL" signature="GUID()[pri:0, instance:ApıTest.OpenAPITest@5383967b]" name="GUID" duration-ms="4885" started-at="2021-01-29T02:31:05 EET" finished-at="2021-01-29T02:31:10 EET">
          <exception class="java.lang.AssertionError">
            <message>
              <![CDATA[The following asserts failed:
expected [true] but found [false]]]>
            </message>
            <full-stacktrace>
              <![CDATA[java.lang.AssertionError: The following asserts failed:
expected [true] but found [false]
at org.testng.asserts.SoftAssert.assertAll(SoftAssert.java:47)
at org.testng.asserts.SoftAssert.assertAll(SoftAssert.java:31)
at ApıTest.OpenAPITest.GUID(OpenAPITest.java:176)
at sun.reflect.NativeMethodAccessorImpl.invoke0(Native Method)
at sun.reflect.NativeMethodAccessorImpl.invoke(NativeMethodAccessorImpl.java:62)
at sun.reflect.DelegatingMethodAccessorImpl.invoke(DelegatingMethodAccessorImpl.java:43)
at java.lang.reflect.Method.invoke(Method.java:498)
at org.testng.internal.MethodInvocationHelper.invokeMethod(MethodInvocationHelper.java:134)
at org.testng.internal.TestInvoker.invokeMethod(TestInvoker.java:597)
at org.testng.internal.TestInvoker.invokeTestMethod(TestInvoker.java:173)
at org.testng.internal.MethodRunner.runInSequence(MethodRunner.java:46)
at org.testng.internal.TestInvoker$MethodInvocationAgent.invoke(TestInvoker.java:816)
at org.testng.internal.TestInvoker.invokeTestMethods(TestInvoker.java:146)
at org.testng.internal.TestMethodWorker.invokeTestMethods(TestMethodWorker.java:146)
at org.testng.internal.TestMethodWorker.run(TestMethodWorker.java:128)
at java.util.ArrayList.forEach(ArrayList.java:1257)
at org.testng.TestRunner.privateRun(TestRunner.java:766)
at org.testng.TestRunner.run(TestRunner.java:587)
at org.testng.SuiteRunner.runTest(SuiteRunner.java:384)
at org.testng.SuiteRunner.runSequentially(SuiteRunner.java:378)
at org.testng.SuiteRunner.privateRun(SuiteRunner.java:337)
at org.testng.SuiteRunner.run(SuiteRunner.java:286)
at org.testng.SuiteRunnerWorker.runSuite(SuiteRunnerWorker.java:53)
at org.testng.SuiteRunnerWorker.run(SuiteRunnerWorker.java:96)
at org.testng.TestNG.runSuitesSequentially(TestNG.java:1187)
at org.testng.TestNG.runSuitesLocally(TestNG.java:1109)
at org.testng.TestNG.runSuites(TestNG.java:1039)
at org.testng.TestNG.run(TestNG.java:1007)
at org.apache.maven.surefire.testng.TestNGExecutor.run(TestNGExecutor.java:77)
at org.apache.maven.surefire.testng.TestNGDirectoryTestSuite.execute(TestNGDirectoryTestSuite.java:110)
at org.apache.maven.surefire.testng.TestNGProvider.invoke(TestNGProvider.java:106)
at sun.reflect.NativeMethodAccessorImpl.invoke0(Native Method)
at sun.reflect.NativeMethodAccessorImpl.invoke(NativeMethodAccessorImpl.java:62)
at sun.reflect.DelegatingMethodAccessorImpl.invoke(DelegatingMethodAccessorImpl.java:43)
at java.lang.reflect.Method.invoke(Method.java:498)
at org.apache.maven.surefire.util.ReflectionUtils.invokeMethodWithArray(ReflectionUtils.java:189)
at org.apache.maven.surefire.booter.ProviderFactory$ProviderProxy.invoke(ProviderFactory.java:165)
at org.apache.maven.surefire.booter.ProviderFactory.invokeProvider(ProviderFactory.java:85)
at org.apache.maven.surefire.booter.ForkedBooter.runSuitesInProcess(ForkedBooter.java:115)
at org.apache.maven.surefire.booter.ForkedBooter.main(ForkedBooter.java:75)
]]>
            </full-stacktrace>
          </exception> <!-- java.lang.AssertionError -->
          <reporter-output>
          </reporter-output>
        </test-method> <!-- GUID -->
        <test-method status="PASS" signature="PerPage()[pri:0, instance:ApıTest.OpenAPITest@5383967b]" name="PerPage" duration-ms="1049" started-at="2021-01-29T02:31:10 EET" finished-at="2021-01-29T02:31:11 EET">
          <reporter-output>
          </reporter-output>
        </test-method> <!-- PerPage -->
        <test-method status="PASS" signature="check200Notifications()[pri:0, instance:ApıTest.OpenAPITest@5383967b]" name="check200Notifications" duration-ms="2552" started-at="2021-01-29T02:31:11 EET" finished-at="2021-01-29T02:31:13 EET">
          <reporter-output>
          </reporter-output>
        </test-method> <!-- check200Notifications -->
        <test-method status="PASS" signature="check400Notifications()[pri:0, instance:ApıTest.OpenAPITest@5383967b]" name="check400Notifications" duration-ms="1201" started-at="2021-01-29T02:31:13 EET" finished-at="2021-01-29T02:31:15 EET">
          <reporter-output>
          </reporter-output>
        </test-method> <!-- check400Notifications -->
        <test-method status="PASS" signature="checkEncoded()[pri:0, instance:ApıTest.OpenAPITest@5383967b]" name="checkEncoded" duration-ms="1367" started-at="2021-01-29T02:31:15 EET" finished-at="2021-01-29T02:31:16 EET">
          <reporter-output>
          </reporter-output>
        </test-method> <!-- checkEncoded -->
        <test-method status="FAIL" signature="checkNoficationId()[pri:0, instance:ApıTest.OpenAPITest@5383967b]" name="checkNoficationId" duration-ms="2825" started-at="2021-01-29T02:31:16 EET" finished-at="2021-01-29T02:31:19 EET">
          <exception class="java.lang.AssertionError">
            <message>
              <![CDATA[The following asserts failed:
expected [925ac601-278d-42ab-8996-3975a6d16d1c] but found [2d85ec77-6f1c-438c-a01e-e6f434c1c1c4],
expected [9d35d25b-178c-4dde-86fb-e603f34d3df2] but found [29d35d25b-178c-4dde-86fb-e603f34d3df2]]]>
            </message>
            <full-stacktrace>
              <![CDATA[java.lang.AssertionError: The following asserts failed:
expected [925ac601-278d-42ab-8996-3975a6d16d1c] but found [2d85ec77-6f1c-438c-a01e-e6f434c1c1c4],
expected [9d35d25b-178c-4dde-86fb-e603f34d3df2] but found [29d35d25b-178c-4dde-86fb-e603f34d3df2]
at org.testng.asserts.SoftAssert.assertAll(SoftAssert.java:47)
at org.testng.asserts.SoftAssert.assertAll(SoftAssert.java:31)
at ApıTest.OpenAPITest.checkNoficationId(OpenAPITest.java:144)
at sun.reflect.NativeMethodAccessorImpl.invoke0(Native Method)
at sun.reflect.NativeMethodAccessorImpl.invoke(NativeMethodAccessorImpl.java:62)
at sun.reflect.DelegatingMethodAccessorImpl.invoke(DelegatingMethodAccessorImpl.java:43)
at java.lang.reflect.Method.invoke(Method.java:498)
at org.testng.internal.MethodInvocationHelper.invokeMethod(MethodInvocationHelper.java:134)
at org.testng.internal.TestInvoker.invokeMethod(TestInvoker.java:597)
at org.testng.internal.TestInvoker.invokeTestMethod(TestInvoker.java:173)
at org.testng.internal.MethodRunner.runInSequence(MethodRunner.java:46)
at org.testng.internal.TestInvoker$MethodInvocationAgent.invoke(TestInvoker.java:816)
at org.testng.internal.TestInvoker.invokeTestMethods(TestInvoker.java:146)
at org.testng.internal.TestMethodWorker.invokeTestMethods(TestMethodWorker.java:146)
at org.testng.internal.TestMethodWorker.run(TestMethodWorker.java:128)
at java.util.ArrayList.forEach(ArrayList.java:1257)
at org.testng.TestRunner.privateRun(TestRunner.java:766)
at org.testng.TestRunner.run(TestRunner.java:587)
at org.testng.SuiteRunner.runTest(SuiteRunner.java:384)
at org.testng.SuiteRunner.runSequentially(SuiteRunner.java:378)
at org.testng.SuiteRunner.privateRun(SuiteRunner.java:337)
at org.testng.SuiteRunner.run(SuiteRunner.java:286)
at org.testng.SuiteRunnerWorker.runSuite(SuiteRunnerWorker.java:53)
at org.testng.SuiteRunnerWorker.run(SuiteRunnerWorker.java:96)
at org.testng.TestNG.runSuitesSequentially(TestNG.java:1187)
at org.testng.TestNG.runSuitesLocally(TestNG.java:1109)
at org.testng.TestNG.runSuites(TestNG.java:1039)
at org.testng.TestNG.run(TestNG.java:1007)
at org.apache.maven.surefire.testng.TestNGExecutor.run(TestNGExecutor.java:77)
at org.apache.maven.surefire.testng.TestNGDirectoryTestSuite.execute(TestNGDirectoryTestSuite.java:110)
at org.apache.maven.surefire.testng.TestNGProvider.invoke(TestNGProvider.java:106)
at sun.reflect.NativeMethodAccessorImpl.invoke0(Native Method)
at sun.reflect.NativeMethodAccessorImpl.invoke(NativeMethodAccessorImpl.java:62)
at sun.reflect.DelegatingMethodAccessorImpl.invoke(DelegatingMethodAccessorImpl.java:43)
at java.lang.reflect.Method.invoke(Method.java:498)
at org.apache.maven.surefire.util.ReflectionUtils.invokeMethodWithArray(ReflectionUtils.java:189)
at org.apache.maven.surefire.booter.ProviderFactory$ProviderProxy.invoke(ProviderFactory.java:165)
at org.apache.maven.surefire.booter.ProviderFactory.invokeProvider(ProviderFactory.java:85)
at org.apache.maven.surefire.booter.ForkedBooter.runSuitesInProcess(ForkedBooter.java:115)
at org.apache.maven.surefire.booter.ForkedBooter.main(ForkedBooter.java:75)
]]>
            </full-stacktrace>
          </exception> <!-- java.lang.AssertionError -->
          <reporter-output>
          </reporter-output>
        </test-method> <!-- checkNoficationId -->
        <test-method status="PASS" signature="getCountries()[pri:0, instance:ApıTest.OpenAPITest@5383967b]" name="getCountries" duration-ms="1106" started-at="2021-01-29T02:31:19 EET" finished-at="2021-01-29T02:31:20 EET">
          <reporter-output>
          </reporter-output>
        </test-method> <!-- getCountries -->
        <test-method status="PASS" signature="warnMessage()[pri:0, instance:ApıTest.OpenAPITest@5383967b]" name="warnMessage" duration-ms="1583" started-at="2021-01-29T02:31:20 EET" finished-at="2021-01-29T02:31:21 EET">
          <reporter-output>
          </reporter-output>
        </test-method> <!-- warnMessage -->
      </class> <!-- ApıTest.OpenAPITest -->
    </test> <!-- Command line test -->
  </suite> <!-- ApıTest.OpenAPITest -->
</testng-results>
